Determining if the pthread_create exist failed with the following output:
Change Dir: /home/tomoya/robotx_ws/build/CMakeFiles/CMakeTmp

Run Build Command:"/usr/bin/make" "cmTC_0d4fb/fast"
/usr/bin/make -f CMakeFiles/cmTC_0d4fb.dir/build.make CMakeFiles/cmTC_0d4fb.dir/build
make[1]: ディレクトリ '/home/tomoya/robotx_ws/build/CMakeFiles/CMakeTmp' に入ります
Building C object CMakeFiles/cmTC_0d4fb.dir/CheckSymbolExists.c.o
/usr/bin/cc     -o CMakeFiles/cmTC_0d4fb.dir/CheckSymbolExists.c.o   -c /home/tomoya/robotx_ws/build/CMakeFiles/CMakeTmp/CheckSymbolExists.c
Linking C executable cmTC_0d4fb
/usr/bin/cmake -E cmake_link_script CMakeFiles/cmTC_0d4fb.dir/link.txt --verbose=1
/usr/bin/cc       CMakeFiles/cmTC_0d4fb.dir/CheckSymbolExists.c.o  -o cmTC_0d4fb -rdynamic 
CMakeFiles/cmTC_0d4fb.dir/CheckSymbolExists.c.o: 関数 `main' 内:
CheckSymbolExists.c:(.text+0x16): `pthread_create' に対する定義されていない参照です
collect2: error: ld returned 1 exit status
CMakeFiles/cmTC_0d4fb.dir/build.make:97: ターゲット 'cmTC_0d4fb' のレシピで失敗しました
make[1]: *** [cmTC_0d4fb] エラー 1
make[1]: ディレクトリ '/home/tomoya/robotx_ws/build/CMakeFiles/CMakeTmp' から出ます
Makefile:126: ターゲット 'cmTC_0d4fb/fast' のレシピで失敗しました
make: *** [cmTC_0d4fb/fast] エラー 2

File /home/tomoya/robotx_ws/build/CMakeFiles/CMakeTmp/CheckSymbolExists.c:
/* */
#include <pthread.h>

int main(int argc, char** argv)
{
  (void)argv;
#ifndef pthread_create
  return ((int*)(&pthread_create))[argc];
#else
  (void)argc;
  return 0;
#endif
}

Determining if the function pthread_create exists in the pthreads failed with the following output:
Change Dir: /home/tomoya/robotx_ws/build/CMakeFiles/CMakeTmp

Run Build Command:"/usr/bin/make" "cmTC_5f63d/fast"
/usr/bin/make -f CMakeFiles/cmTC_5f63d.dir/build.make CMakeFiles/cmTC_5f63d.dir/build
make[1]: ディレクトリ '/home/tomoya/robotx_ws/build/CMakeFiles/CMakeTmp' に入ります
Building C object CMakeFiles/cmTC_5f63d.dir/CheckFunctionExists.c.o
/usr/bin/cc    -DCHECK_FUNCTION_EXISTS=pthread_create   -o CMakeFiles/cmTC_5f63d.dir/CheckFunctionExists.c.o   -c /usr/share/cmake-3.5/Modules/CheckFunctionExists.c
Linking C executable cmTC_5f63d
/usr/bin/cmake -E cmake_link_script CMakeFiles/cmTC_5f63d.dir/link.txt --verbose=1
/usr/bin/cc   -DCHECK_FUNCTION_EXISTS=pthread_create    CMakeFiles/cmTC_5f63d.dir/CheckFunctionExists.c.o  -o cmTC_5f63d -rdynamic -lpthreads 
/usr/bin/ld: -lpthreads が見つかりません
collect2: error: ld returned 1 exit status
CMakeFiles/cmTC_5f63d.dir/build.make:97: ターゲット 'cmTC_5f63d' のレシピで失敗しました
make[1]: *** [cmTC_5f63d] エラー 1
make[1]: ディレクトリ '/home/tomoya/robotx_ws/build/CMakeFiles/CMakeTmp' から出ます
Makefile:126: ターゲット 'cmTC_5f63d/fast' のレシピで失敗しました
make: *** [cmTC_5f63d/fast] エラー 2


